Wed 9 19:23:03 DESKTOP-GDFFK7B php: [WARNING] Unable to initialize Volt cache dir: C:\xampp\htdocs\Area_six\app\config/../../app/cache/. Used temp path: C:\Users\Win10\AppData\Local\Temp\phalcon\volt
Wed 9 19:23:03 DESKTOP-GDFFK7B php: [WARNING] Unable to initialize Volt cache dir: C:\xampp\htdocs\Area_six\app\config/../../app/cache/. Used temp path: C:\Users\Win10\AppData\Local\Temp\phalcon\volt
Wed 9 19:23:03 DESKTOP-GDFFK7B php: [WARNING] Unable to initialize Volt cache dir: C:\xampp\htdocs\Area_six\app\config/../../app/cache/. Used temp path: C:\Users\Win10\AppData\Local\Temp\phalcon\volt
Wed 9 19:23:03 DESKTOP-GDFFK7B php: [WARNING] Unable to initialize Volt cache dir: C:\xampp\htdocs\Area_six\app\config/../../app/cache/. Used temp path: C:\Users\Win10\AppData\Local\Temp\phalcon\volt
Wed 9 19:23:03 DESKTOP-GDFFK7B php: [WARNING] Unable to initialize Volt cache dir: C:\xampp\htdocs\Area_six\app\config/../../app/cache/. Used temp path: C:\Users\Win10\AppData\Local\Temp\phalcon\volt
Wed 9 19:23:03 DESKTOP-GDFFK7B php: [WARNING] Unable to initialize Volt cache dir: C:\xampp\htdocs\Area_six\app\config/../../app/cache/. Used temp path: C:\Users\Win10\AppData\Local\Temp\phalcon\volt
Wed 9 19:23:03 DESKTOP-GDFFK7B php: [WARNING] Unable to initialize Volt cache dir: C:\xampp\htdocs\Area_six\app\config/../../app/cache/. Used temp path: C:\Users\Win10\AppData\Local\Temp\phalcon\volt
Wed 9 19:23:03 DESKTOP-GDFFK7B php: [WARNING] Unable to initialize Volt cache dir: C:\xampp\htdocs\Area_six\app\config/../../app/cache/. Used temp path: C:\Users\Win10\AppData\Local\Temp\phalcon\volt
Wed 9 19:23:03 DESKTOP-GDFFK7B php: [WARNING] Unable to initialize Volt cache dir: C:\xampp\htdocs\Area_six\app\config/../../app/cache/. Used temp path: C:\Users\Win10\AppData\Local\Temp\phalcon\volt
Wed 9 19:23:07 DESKTOP-GDFFK7B php: [WARNING] Unable to initialize Volt cache dir: C:\xampp\htdocs\Area_six\app\config/../../app/cache/. Used temp path: C:\Users\Win10\AppData\Local\Temp\phalcon\volt
Wed 9 19:23:07 DESKTOP-GDFFK7B php: [WARNING] Unable to initialize Volt cache dir: C:\xampp\htdocs\Area_six\app\config/../../app/cache/. Used temp path: C:\Users\Win10\AppData\Local\Temp\phalcon\volt
Wed 9 19:23:07 DESKTOP-GDFFK7B php: [WARNING] Unable to initialize Volt cache dir: C:\xampp\htdocs\Area_six\app\config/../../app/cache/. Used temp path: C:\Users\Win10\AppData\Local\Temp\phalcon\volt
Wed 9 19:23:07 DESKTOP-GDFFK7B php: [WARNING] Unable to initialize Volt cache dir: C:\xampp\htdocs\Area_six\app\config/../../app/cache/. Used temp path: C:\Users\Win10\AppData\Local\Temp\phalcon\volt
Wed 9 19:23:07 DESKTOP-GDFFK7B php: [WARNING] Unable to initialize Volt cache dir: C:\xampp\htdocs\Area_six\app\config/../../app/cache/. Used temp path: C:\Users\Win10\AppData\Local\Temp\phalcon\volt
Wed 9 19:23:07 DESKTOP-GDFFK7B php: [WARNING] Unable to initialize Volt cache dir: C:\xampp\htdocs\Area_six\app\config/../../app/cache/. Used temp path: C:\Users\Win10\AppData\Local\Temp\phalcon\volt
Wed 9 19:23:07 DESKTOP-GDFFK7B php: [WARNING] Unable to initialize Volt cache dir: C:\xampp\htdocs\Area_six\app\config/../../app/cache/. Used temp path: C:\Users\Win10\AppData\Local\Temp\phalcon\volt
Wed 9 19:23:07 DESKTOP-GDFFK7B php: [WARNING] Unable to initialize Volt cache dir: C:\xampp\htdocs\Area_six\app\config/../../app/cache/. Used temp path: C:\Users\Win10\AppData\Local\Temp\phalcon\volt
Wed 9 19:23:07 DESKTOP-GDFFK7B php: [WARNING] Unable to initialize Volt cache dir: C:\xampp\htdocs\Area_six\app\config/../../app/cache/. Used temp path: C:\Users\Win10\AppData\Local\Temp\phalcon\volt
Wed 9 19:23:10 DESKTOP-GDFFK7B php: [WARNING] Unable to initialize Volt cache dir: C:\xampp\htdocs\Area_six\app\config/../../app/cache/. Used temp path: C:\Users\Win10\AppData\Local\Temp\phalcon\volt
Wed 9 19:23:10 DESKTOP-GDFFK7B php: [WARNING] Unable to initialize Volt cache dir: C:\xampp\htdocs\Area_six\app\config/../../app/cache/. Used temp path: C:\Users\Win10\AppData\Local\Temp\phalcon\volt
Wed 9 19:23:10 DESKTOP-GDFFK7B php: [WARNING] Unable to initialize Volt cache dir: C:\xampp\htdocs\Area_six\app\config/../../app/cache/. Used temp path: C:\Users\Win10\AppData\Local\Temp\phalcon\volt
Wed 9 19:23:10 DESKTOP-GDFFK7B php: [WARNING] Unable to initialize Volt cache dir: C:\xampp\htdocs\Area_six\app\config/../../app/cache/. Used temp path: C:\Users\Win10\AppData\Local\Temp\phalcon\volt
Wed 9 19:23:10 DESKTOP-GDFFK7B php: [WARNING] Unable to initialize Volt cache dir: C:\xampp\htdocs\Area_six\app\config/../../app/cache/. Used temp path: C:\Users\Win10\AppData\Local\Temp\phalcon\volt
Wed 9 19:23:10 DESKTOP-GDFFK7B php: [WARNING] Unable to initialize Volt cache dir: C:\xampp\htdocs\Area_six\app\config/../../app/cache/. Used temp path: C:\Users\Win10\AppData\Local\Temp\phalcon\volt
Wed 9 19:23:10 DESKTOP-GDFFK7B php: [WARNING] Unable to initialize Volt cache dir: C:\xampp\htdocs\Area_six\app\config/../../app/cache/. Used temp path: C:\Users\Win10\AppData\Local\Temp\phalcon\volt
Wed 9 19:23:10 DESKTOP-GDFFK7B php: [WARNING] Unable to initialize Volt cache dir: C:\xampp\htdocs\Area_six\app\config/../../app/cache/. Used temp path: C:\Users\Win10\AppData\Local\Temp\phalcon\volt
Wed 9 19:23:10 DESKTOP-GDFFK7B php: [WARNING] Unable to initialize Volt cache dir: C:\xampp\htdocs\Area_six\app\config/../../app/cache/. Used temp path: C:\Users\Win10\AppData\Local\Temp\phalcon\volt
Wed 9 19:23:10 DESKTOP-GDFFK7B php: [WARNING] Unable to initialize Volt cache dir: C:\xampp\htdocs\Area_six\app\config/../../app/cache/. Used temp path: C:\Users\Win10\AppData\Local\Temp\phalcon\volt
Wed 9 19:24:17 DESKTOP-GDFFK7B php: [WARNING] Unable to initialize Volt cache dir: C:\xampp\htdocs\Area_six\app\config/../../app/cache/. Used temp path: C:\Users\Win10\AppData\Local\Temp\phalcon\volt
Wed 9 19:24:17 DESKTOP-GDFFK7B php: [WARNING] Unable to initialize Volt cache dir: C:\xampp\htdocs\Area_six\app\config/../../app/cache/. Used temp path: C:\Users\Win10\AppData\Local\Temp\phalcon\volt
Wed 9 19:24:17 DESKTOP-GDFFK7B php: [WARNING] Unable to initialize Volt cache dir: C:\xampp\htdocs\Area_six\app\config/../../app/cache/. Used temp path: C:\Users\Win10\AppData\Local\Temp\phalcon\volt
Wed 9 19:24:17 DESKTOP-GDFFK7B php: [WARNING] Unable to initialize Volt cache dir: C:\xampp\htdocs\Area_six\app\config/../../app/cache/. Used temp path: C:\Users\Win10\AppData\Local\Temp\phalcon\volt
Wed 9 19:24:17 DESKTOP-GDFFK7B php: [WARNING] Unable to initialize Volt cache dir: C:\xampp\htdocs\Area_six\app\config/../../app/cache/. Used temp path: C:\Users\Win10\AppData\Local\Temp\phalcon\volt
Wed 9 19:24:17 DESKTOP-GDFFK7B php: [WARNING] Unable to initialize Volt cache dir: C:\xampp\htdocs\Area_six\app\config/../../app/cache/. Used temp path: C:\Users\Win10\AppData\Local\Temp\phalcon\volt
Wed 9 19:24:17 DESKTOP-GDFFK7B php: [WARNING] Unable to initialize Volt cache dir: C:\xampp\htdocs\Area_six\app\config/../../app/cache/. Used temp path: C:\Users\Win10\AppData\Local\Temp\phalcon\volt
Wed 9 19:24:17 DESKTOP-GDFFK7B php: [WARNING] Unable to initialize Volt cache dir: C:\xampp\htdocs\Area_six\app\config/../../app/cache/. Used temp path: C:\Users\Win10\AppData\Local\Temp\phalcon\volt
Wed 9 19:24:17 DESKTOP-GDFFK7B php: [WARNING] Unable to initialize Volt cache dir: C:\xampp\htdocs\Area_six\app\config/../../app/cache/. Used temp path: C:\Users\Win10\AppData\Local\Temp\phalcon\volt
Wed 9 19:24:31 DESKTOP-GDFFK7B php: [WARNING] Unable to initialize Volt cache dir: C:\xampp\htdocs\Area_six\app\config/../../app/cache/. Used temp path: C:\Users\Win10\AppData\Local\Temp\phalcon\volt
Wed 9 19:24:31 DESKTOP-GDFFK7B php: [WARNING] Unable to initialize Volt cache dir: C:\xampp\htdocs\Area_six\app\config/../../app/cache/. Used temp path: C:\Users\Win10\AppData\Local\Temp\phalcon\volt
Wed 9 19:24:31 DESKTOP-GDFFK7B php: [WARNING] Unable to initialize Volt cache dir: C:\xampp\htdocs\Area_six\app\config/../../app/cache/. Used temp path: C:\Users\Win10\AppData\Local\Temp\phalcon\volt
Wed 9 19:24:31 DESKTOP-GDFFK7B php: [WARNING] Unable to initialize Volt cache dir: C:\xampp\htdocs\Area_six\app\config/../../app/cache/. Used temp path: C:\Users\Win10\AppData\Local\Temp\phalcon\volt
Wed 9 19:24:31 DESKTOP-GDFFK7B php: [WARNING] Unable to initialize Volt cache dir: C:\xampp\htdocs\Area_six\app\config/../../app/cache/. Used temp path: C:\Users\Win10\AppData\Local\Temp\phalcon\volt
Wed 9 19:24:31 DESKTOP-GDFFK7B php: [WARNING] Unable to initialize Volt cache dir: C:\xampp\htdocs\Area_six\app\config/../../app/cache/. Used temp path: C:\Users\Win10\AppData\Local\Temp\phalcon\volt
Wed 9 19:24:31 DESKTOP-GDFFK7B php: [WARNING] Unable to initialize Volt cache dir: C:\xampp\htdocs\Area_six\app\config/../../app/cache/. Used temp path: C:\Users\Win10\AppData\Local\Temp\phalcon\volt
Wed 9 19:24:31 DESKTOP-GDFFK7B php: [WARNING] Unable to initialize Volt cache dir: C:\xampp\htdocs\Area_six\app\config/../../app/cache/. Used temp path: C:\Users\Win10\AppData\Local\Temp\phalcon\volt
Wed 9 19:24:31 DESKTOP-GDFFK7B php: [WARNING] Unable to initialize Volt cache dir: C:\xampp\htdocs\Area_six\app\config/../../app/cache/. Used temp path: C:\Users\Win10\AppData\Local\Temp\phalcon\volt
Wed 9 19:24:34 DESKTOP-GDFFK7B php: [WARNING] Unable to initialize Volt cache dir: C:\xampp\htdocs\Area_six\app\config/../../app/cache/. Used temp path: C:\Users\Win10\AppData\Local\Temp\phalcon\volt
Wed 9 19:24:34 DESKTOP-GDFFK7B php: [WARNING] Unable to initialize Volt cache dir: C:\xampp\htdocs\Area_six\app\config/../../app/cache/. Used temp path: C:\Users\Win10\AppData\Local\Temp\phalcon\volt
Wed 9 19:24:34 DESKTOP-GDFFK7B php: [WARNING] Unable to initialize Volt cache dir: C:\xampp\htdocs\Area_six\app\config/../../app/cache/. Used temp path: C:\Users\Win10\AppData\Local\Temp\phalcon\volt
Wed 9 19:24:34 DESKTOP-GDFFK7B php: [WARNING] Unable to initialize Volt cache dir: C:\xampp\htdocs\Area_six\app\config/../../app/cache/. Used temp path: C:\Users\Win10\AppData\Local\Temp\phalcon\volt
Wed 9 19:24:34 DESKTOP-GDFFK7B php: [WARNING] Unable to initialize Volt cache dir: C:\xampp\htdocs\Area_six\app\config/../../app/cache/. Used temp path: C:\Users\Win10\AppData\Local\Temp\phalcon\volt
Wed 9 19:24:34 DESKTOP-GDFFK7B php: [WARNING] Unable to initialize Volt cache dir: C:\xampp\htdocs\Area_six\app\config/../../app/cache/. Used temp path: C:\Users\Win10\AppData\Local\Temp\phalcon\volt
Wed 9 19:24:34 DESKTOP-GDFFK7B php: [WARNING] Unable to initialize Volt cache dir: C:\xampp\htdocs\Area_six\app\config/../../app/cache/. Used temp path: C:\Users\Win10\AppData\Local\Temp\phalcon\volt
Wed 9 19:24:34 DESKTOP-GDFFK7B php: [WARNING] Unable to initialize Volt cache dir: C:\xampp\htdocs\Area_six\app\config/../../app/cache/. Used temp path: C:\Users\Win10\AppData\Local\Temp\phalcon\volt
Wed 9 19:24:34 DESKTOP-GDFFK7B php: [WARNING] Unable to initialize Volt cache dir: C:\xampp\htdocs\Area_six\app\config/../../app/cache/. Used temp path: C:\Users\Win10\AppData\Local\Temp\phalcon\volt
Wed 9 19:24:34 DESKTOP-GDFFK7B php: [WARNING] Unable to initialize Volt cache dir: C:\xampp\htdocs\Area_six\app\config/../../app/cache/. Used temp path: C:\Users\Win10\AppData\Local\Temp\phalcon\volt
Wed 9 19:25:09 DESKTOP-GDFFK7B php: [WARNING] Unable to initialize Volt cache dir: C:\xampp\htdocs\Area_six\app\config/../../app/cache/. Used temp path: C:\Users\Win10\AppData\Local\Temp\phalcon\volt
Wed 9 19:25:09 DESKTOP-GDFFK7B php: [WARNING] Unable to initialize Volt cache dir: C:\xampp\htdocs\Area_six\app\config/../../app/cache/. Used temp path: C:\Users\Win10\AppData\Local\Temp\phalcon\volt
Wed 9 19:25:09 DESKTOP-GDFFK7B php: [WARNING] Unable to initialize Volt cache dir: C:\xampp\htdocs\Area_six\app\config/../../app/cache/. Used temp path: C:\Users\Win10\AppData\Local\Temp\phalcon\volt
Wed 9 19:25:09 DESKTOP-GDFFK7B php: [WARNING] Unable to initialize Volt cache dir: C:\xampp\htdocs\Area_six\app\config/../../app/cache/. Used temp path: C:\Users\Win10\AppData\Local\Temp\phalcon\volt
Wed 9 19:25:09 DESKTOP-GDFFK7B php: [WARNING] Unable to initialize Volt cache dir: C:\xampp\htdocs\Area_six\app\config/../../app/cache/. Used temp path: C:\Users\Win10\AppData\Local\Temp\phalcon\volt
Wed 9 19:25:09 DESKTOP-GDFFK7B php: [WARNING] Unable to initialize Volt cache dir: C:\xampp\htdocs\Area_six\app\config/../../app/cache/. Used temp path: C:\Users\Win10\AppData\Local\Temp\phalcon\volt
Wed 9 19:25:09 DESKTOP-GDFFK7B php: [WARNING] Unable to initialize Volt cache dir: C:\xampp\htdocs\Area_six\app\config/../../app/cache/. Used temp path: C:\Users\Win10\AppData\Local\Temp\phalcon\volt
Wed 9 19:25:09 DESKTOP-GDFFK7B php: [WARNING] Unable to initialize Volt cache dir: C:\xampp\htdocs\Area_six\app\config/../../app/cache/. Used temp path: C:\Users\Win10\AppData\Local\Temp\phalcon\volt
Wed 9 19:25:09 DESKTOP-GDFFK7B php: [WARNING] Unable to initialize Volt cache dir: C:\xampp\htdocs\Area_six\app\config/../../app/cache/. Used temp path: C:\Users\Win10\AppData\Local\Temp\phalcon\volt
Wed 9 19:25:09 DESKTOP-GDFFK7B php: [WARNING] Unable to initialize Volt cache dir: C:\xampp\htdocs\Area_six\app\config/../../app/cache/. Used temp path: C:\Users\Win10\AppData\Local\Temp\phalcon\volt
Wed 9 19:26:30 DESKTOP-GDFFK7B php: [WARNING] Unable to initialize Volt cache dir: C:\xampp\htdocs\Area_six\app\config/../../app/cache/. Used temp path: C:\Users\Win10\AppData\Local\Temp\phalcon\volt
Wed 9 19:26:30 DESKTOP-GDFFK7B php: [WARNING] Unable to initialize Volt cache dir: C:\xampp\htdocs\Area_six\app\config/../../app/cache/. Used temp path: C:\Users\Win10\AppData\Local\Temp\phalcon\volt
Wed 9 19:26:30 DESKTOP-GDFFK7B php: [WARNING] Unable to initialize Volt cache dir: C:\xampp\htdocs\Area_six\app\config/../../app/cache/. Used temp path: C:\Users\Win10\AppData\Local\Temp\phalcon\volt
Wed 9 19:26:30 DESKTOP-GDFFK7B php: [WARNING] Unable to initialize Volt cache dir: C:\xampp\htdocs\Area_six\app\config/../../app/cache/. Used temp path: C:\Users\Win10\AppData\Local\Temp\phalcon\volt
Wed 9 19:26:30 DESKTOP-GDFFK7B php: [WARNING] Unable to initialize Volt cache dir: C:\xampp\htdocs\Area_six\app\config/../../app/cache/. Used temp path: C:\Users\Win10\AppData\Local\Temp\phalcon\volt
Wed 9 19:26:30 DESKTOP-GDFFK7B php: [WARNING] Unable to initialize Volt cache dir: C:\xampp\htdocs\Area_six\app\config/../../app/cache/. Used temp path: C:\Users\Win10\AppData\Local\Temp\phalcon\volt
Wed 9 19:26:30 DESKTOP-GDFFK7B php: [WARNING] Unable to initialize Volt cache dir: C:\xampp\htdocs\Area_six\app\config/../../app/cache/. Used temp path: C:\Users\Win10\AppData\Local\Temp\phalcon\volt
Wed 9 19:26:30 DESKTOP-GDFFK7B php: [WARNING] Unable to initialize Volt cache dir: C:\xampp\htdocs\Area_six\app\config/../../app/cache/. Used temp path: C:\Users\Win10\AppData\Local\Temp\phalcon\volt
Wed 9 19:26:30 DESKTOP-GDFFK7B php: [WARNING] Unable to initialize Volt cache dir: C:\xampp\htdocs\Area_six\app\config/../../app/cache/. Used temp path: C:\Users\Win10\AppData\Local\Temp\phalcon\volt
Wed 9 19:26:30 DESKTOP-GDFFK7B php: [WARNING] Unable to initialize Volt cache dir: C:\xampp\htdocs\Area_six\app\config/../../app/cache/. Used temp path: C:\Users\Win10\AppData\Local\Temp\phalcon\volt
Wed 9 19:26:41 DESKTOP-GDFFK7B php: [WARNING] Unable to initialize Volt cache dir: C:\xampp\htdocs\Area_six\app\config/../../app/cache/. Used temp path: C:\Users\Win10\AppData\Local\Temp\phalcon\volt
Wed 9 19:26:41 DESKTOP-GDFFK7B php: [WARNING] Unable to initialize Volt cache dir: C:\xampp\htdocs\Area_six\app\config/../../app/cache/. Used temp path: C:\Users\Win10\AppData\Local\Temp\phalcon\volt
Wed 9 19:26:41 DESKTOP-GDFFK7B php: [WARNING] Unable to initialize Volt cache dir: C:\xampp\htdocs\Area_six\app\config/../../app/cache/. Used temp path: C:\Users\Win10\AppData\Local\Temp\phalcon\volt
Wed 9 19:26:41 DESKTOP-GDFFK7B php: [WARNING] Unable to initialize Volt cache dir: C:\xampp\htdocs\Area_six\app\config/../../app/cache/. Used temp path: C:\Users\Win10\AppData\Local\Temp\phalcon\volt
Wed 9 19:26:41 DESKTOP-GDFFK7B php: [WARNING] Unable to initialize Volt cache dir: C:\xampp\htdocs\Area_six\app\config/../../app/cache/. Used temp path: C:\Users\Win10\AppData\Local\Temp\phalcon\volt
Wed 9 19:26:41 DESKTOP-GDFFK7B php: [WARNING] Unable to initialize Volt cache dir: C:\xampp\htdocs\Area_six\app\config/../../app/cache/. Used temp path: C:\Users\Win10\AppData\Local\Temp\phalcon\volt
Wed 9 19:26:41 DESKTOP-GDFFK7B php: [WARNING] Unable to initialize Volt cache dir: C:\xampp\htdocs\Area_six\app\config/../../app/cache/. Used temp path: C:\Users\Win10\AppData\Local\Temp\phalcon\volt
Wed 9 19:26:41 DESKTOP-GDFFK7B php: [WARNING] Unable to initialize Volt cache dir: C:\xampp\htdocs\Area_six\app\config/../../app/cache/. Used temp path: C:\Users\Win10\AppData\Local\Temp\phalcon\volt
Wed 9 19:26:41 DESKTOP-GDFFK7B php: [WARNING] Unable to initialize Volt cache dir: C:\xampp\htdocs\Area_six\app\config/../../app/cache/. Used temp path: C:\Users\Win10\AppData\Local\Temp\phalcon\volt
Wed 9 19:26:41 DESKTOP-GDFFK7B php: [WARNING] Unable to initialize Volt cache dir: C:\xampp\htdocs\Area_six\app\config/../../app/cache/. Used temp path: C:\Users\Win10\AppData\Local\Temp\phalcon\volt
Wed 9 19:27:06 DESKTOP-GDFFK7B php: [WARNING] Unable to initialize Volt cache dir: C:\xampp\htdocs\Area_six\app\config/../../app/cache/. Used temp path: C:\Users\Win10\AppData\Local\Temp\phalcon\volt
Wed 9 19:27:06 DESKTOP-GDFFK7B php: [WARNING] Unable to initialize Volt cache dir: C:\xampp\htdocs\Area_six\app\config/../../app/cache/. Used temp path: C:\Users\Win10\AppData\Local\Temp\phalcon\volt
Wed 9 19:27:06 DESKTOP-GDFFK7B php: [WARNING] Unable to initialize Volt cache dir: C:\xampp\htdocs\Area_six\app\config/../../app/cache/. Used temp path: C:\Users\Win10\AppData\Local\Temp\phalcon\volt
Wed 9 19:27:06 DESKTOP-GDFFK7B php: [WARNING] Unable to initialize Volt cache dir: C:\xampp\htdocs\Area_six\app\config/../../app/cache/. Used temp path: C:\Users\Win10\AppData\Local\Temp\phalcon\volt
Wed 9 19:27:06 DESKTOP-GDFFK7B php: [WARNING] Unable to initialize Volt cache dir: C:\xampp\htdocs\Area_six\app\config/../../app/cache/. Used temp path: C:\Users\Win10\AppData\Local\Temp\phalcon\volt
Wed 9 19:27:06 DESKTOP-GDFFK7B php: [WARNING] Unable to initialize Volt cache dir: C:\xampp\htdocs\Area_six\app\config/../../app/cache/. Used temp path: C:\Users\Win10\AppData\Local\Temp\phalcon\volt
Wed 9 19:27:06 DESKTOP-GDFFK7B php: [WARNING] Unable to initialize Volt cache dir: C:\xampp\htdocs\Area_six\app\config/../../app/cache/. Used temp path: C:\Users\Win10\AppData\Local\Temp\phalcon\volt
Wed 9 19:27:06 DESKTOP-GDFFK7B php: [WARNING] Unable to initialize Volt cache dir: C:\xampp\htdocs\Area_six\app\config/../../app/cache/. Used temp path: C:\Users\Win10\AppData\Local\Temp\phalcon\volt
Wed 9 19:27:06 DESKTOP-GDFFK7B php: [WARNING] Unable to initialize Volt cache dir: C:\xampp\htdocs\Area_six\app\config/../../app/cache/. Used temp path: C:\Users\Win10\AppData\Local\Temp\phalcon\volt
Wed 9 19:27:06 DESKTOP-GDFFK7B php: [WARNING] Unable to initialize Volt cache dir: C:\xampp\htdocs\Area_six\app\config/../../app/cache/. Used temp path: C:\Users\Win10\AppData\Local\Temp\phalcon\volt
Wed 9 19:28:15 DESKTOP-GDFFK7B php: [WARNING] Unable to initialize Volt cache dir: C:\xampp\htdocs\Area_six\app\config/../../app/cache/. Used temp path: C:\Users\Win10\AppData\Local\Temp\phalcon\volt
Wed 9 19:28:15 DESKTOP-GDFFK7B php: [WARNING] Unable to initialize Volt cache dir: C:\xampp\htdocs\Area_six\app\config/../../app/cache/. Used temp path: C:\Users\Win10\AppData\Local\Temp\phalcon\volt
Wed 9 19:28:15 DESKTOP-GDFFK7B php: [WARNING] Unable to initialize Volt cache dir: C:\xampp\htdocs\Area_six\app\config/../../app/cache/. Used temp path: C:\Users\Win10\AppData\Local\Temp\phalcon\volt
Wed 9 19:28:15 DESKTOP-GDFFK7B php: [WARNING] Unable to initialize Volt cache dir: C:\xampp\htdocs\Area_six\app\config/../../app/cache/. Used temp path: C:\Users\Win10\AppData\Local\Temp\phalcon\volt
Wed 9 19:28:15 DESKTOP-GDFFK7B php: [WARNING] Unable to initialize Volt cache dir: C:\xampp\htdocs\Area_six\app\config/../../app/cache/. Used temp path: C:\Users\Win10\AppData\Local\Temp\phalcon\volt
Wed 9 19:28:15 DESKTOP-GDFFK7B php: [WARNING] Unable to initialize Volt cache dir: C:\xampp\htdocs\Area_six\app\config/../../app/cache/. Used temp path: C:\Users\Win10\AppData\Local\Temp\phalcon\volt
Wed 9 19:28:15 DESKTOP-GDFFK7B php: [WARNING] Unable to initialize Volt cache dir: C:\xampp\htdocs\Area_six\app\config/../../app/cache/. Used temp path: C:\Users\Win10\AppData\Local\Temp\phalcon\volt
Wed 9 19:28:15 DESKTOP-GDFFK7B php: [WARNING] Unable to initialize Volt cache dir: C:\xampp\htdocs\Area_six\app\config/../../app/cache/. Used temp path: C:\Users\Win10\AppData\Local\Temp\phalcon\volt
Wed 9 19:28:15 DESKTOP-GDFFK7B php: [WARNING] Unable to initialize Volt cache dir: C:\xampp\htdocs\Area_six\app\config/../../app/cache/. Used temp path: C:\Users\Win10\AppData\Local\Temp\phalcon\volt
Wed 9 19:28:20 DESKTOP-GDFFK7B php: [WARNING] Unable to initialize Volt cache dir: C:\xampp\htdocs\Area_six\app\config/../../app/cache/. Used temp path: C:\Users\Win10\AppData\Local\Temp\phalcon\volt
Wed 9 19:28:20 DESKTOP-GDFFK7B php: [WARNING] Unable to initialize Volt cache dir: C:\xampp\htdocs\Area_six\app\config/../../app/cache/. Used temp path: C:\Users\Win10\AppData\Local\Temp\phalcon\volt
Wed 9 19:28:20 DESKTOP-GDFFK7B php: [WARNING] Unable to initialize Volt cache dir: C:\xampp\htdocs\Area_six\app\config/../../app/cache/. Used temp path: C:\Users\Win10\AppData\Local\Temp\phalcon\volt
Wed 9 19:28:20 DESKTOP-GDFFK7B php: [WARNING] Unable to initialize Volt cache dir: C:\xampp\htdocs\Area_six\app\config/../../app/cache/. Used temp path: C:\Users\Win10\AppData\Local\Temp\phalcon\volt
Wed 9 19:28:20 DESKTOP-GDFFK7B php: [WARNING] Unable to initialize Volt cache dir: C:\xampp\htdocs\Area_six\app\config/../../app/cache/. Used temp path: C:\Users\Win10\AppData\Local\Temp\phalcon\volt
Wed 9 19:28:20 DESKTOP-GDFFK7B php: [WARNING] Unable to initialize Volt cache dir: C:\xampp\htdocs\Area_six\app\config/../../app/cache/. Used temp path: C:\Users\Win10\AppData\Local\Temp\phalcon\volt
Wed 9 19:28:20 DESKTOP-GDFFK7B php: [WARNING] Unable to initialize Volt cache dir: C:\xampp\htdocs\Area_six\app\config/../../app/cache/. Used temp path: C:\Users\Win10\AppData\Local\Temp\phalcon\volt
Wed 9 19:28:20 DESKTOP-GDFFK7B php: [WARNING] Unable to initialize Volt cache dir: C:\xampp\htdocs\Area_six\app\config/../../app/cache/. Used temp path: C:\Users\Win10\AppData\Local\Temp\phalcon\volt
Wed 9 19:28:20 DESKTOP-GDFFK7B php: [WARNING] Unable to initialize Volt cache dir: C:\xampp\htdocs\Area_six\app\config/../../app/cache/. Used temp path: C:\Users\Win10\AppData\Local\Temp\phalcon\volt
Wed 9 19:28:22 DESKTOP-GDFFK7B php: [ERROR] 1044: SQLSTATE[HY000] [1044] Access denied for user ''@'localhost' to database 'productos' in C:\xampp\phalcon-devtools-master\scripts\Phalcon\Initializable.php on line 562
Wed 9 19:28:27 DESKTOP-GDFFK7B php: [WARNING] Unable to initialize Volt cache dir: C:\xampp\htdocs\Area_six\app\config/../../app/cache/. Used temp path: C:\Users\Win10\AppData\Local\Temp\phalcon\volt
Wed 9 19:28:27 DESKTOP-GDFFK7B php: [WARNING] Unable to initialize Volt cache dir: C:\xampp\htdocs\Area_six\app\config/../../app/cache/. Used temp path: C:\Users\Win10\AppData\Local\Temp\phalcon\volt
Wed 9 19:28:27 DESKTOP-GDFFK7B php: [WARNING] Unable to initialize Volt cache dir: C:\xampp\htdocs\Area_six\app\config/../../app/cache/. Used temp path: C:\Users\Win10\AppData\Local\Temp\phalcon\volt
Wed 9 19:28:27 DESKTOP-GDFFK7B php: [WARNING] Unable to initialize Volt cache dir: C:\xampp\htdocs\Area_six\app\config/../../app/cache/. Used temp path: C:\Users\Win10\AppData\Local\Temp\phalcon\volt
Wed 9 19:28:27 DESKTOP-GDFFK7B php: [WARNING] Unable to initialize Volt cache dir: C:\xampp\htdocs\Area_six\app\config/../../app/cache/. Used temp path: C:\Users\Win10\AppData\Local\Temp\phalcon\volt
Wed 9 19:28:27 DESKTOP-GDFFK7B php: [WARNING] Unable to initialize Volt cache dir: C:\xampp\htdocs\Area_six\app\config/../../app/cache/. Used temp path: C:\Users\Win10\AppData\Local\Temp\phalcon\volt
Wed 9 19:28:27 DESKTOP-GDFFK7B php: [WARNING] Unable to initialize Volt cache dir: C:\xampp\htdocs\Area_six\app\config/../../app/cache/. Used temp path: C:\Users\Win10\AppData\Local\Temp\phalcon\volt
Wed 9 19:28:27 DESKTOP-GDFFK7B php: [WARNING] Unable to initialize Volt cache dir: C:\xampp\htdocs\Area_six\app\config/../../app/cache/. Used temp path: C:\Users\Win10\AppData\Local\Temp\phalcon\volt
Wed 9 19:28:27 DESKTOP-GDFFK7B php: [WARNING] Unable to initialize Volt cache dir: C:\xampp\htdocs\Area_six\app\config/../../app/cache/. Used temp path: C:\Users\Win10\AppData\Local\Temp\phalcon\volt
Wed 9 19:28:32 DESKTOP-GDFFK7B php: [ERROR] 1044: SQLSTATE[HY000] [1044] Access denied for user ''@'localhost' to database 'productos' in C:\xampp\phalcon-devtools-master\scripts\Phalcon\Initializable.php on line 562
Wed 9 19:28:48 DESKTOP-GDFFK7B php: [WARNING] Unable to initialize Volt cache dir: C:\xampp\htdocs\Area_six\app\config/../../app/cache/. Used temp path: C:\Users\Win10\AppData\Local\Temp\phalcon\volt
Wed 9 19:28:48 DESKTOP-GDFFK7B php: [WARNING] Unable to initialize Volt cache dir: C:\xampp\htdocs\Area_six\app\config/../../app/cache/. Used temp path: C:\Users\Win10\AppData\Local\Temp\phalcon\volt
Wed 9 19:28:48 DESKTOP-GDFFK7B php: [WARNING] Unable to initialize Volt cache dir: C:\xampp\htdocs\Area_six\app\config/../../app/cache/. Used temp path: C:\Users\Win10\AppData\Local\Temp\phalcon\volt
Wed 9 19:28:48 DESKTOP-GDFFK7B php: [WARNING] Unable to initialize Volt cache dir: C:\xampp\htdocs\Area_six\app\config/../../app/cache/. Used temp path: C:\Users\Win10\AppData\Local\Temp\phalcon\volt
Wed 9 19:28:48 DESKTOP-GDFFK7B php: [WARNING] Unable to initialize Volt cache dir: C:\xampp\htdocs\Area_six\app\config/../../app/cache/. Used temp path: C:\Users\Win10\AppData\Local\Temp\phalcon\volt
Wed 9 19:28:48 DESKTOP-GDFFK7B php: [WARNING] Unable to initialize Volt cache dir: C:\xampp\htdocs\Area_six\app\config/../../app/cache/. Used temp path: C:\Users\Win10\AppData\Local\Temp\phalcon\volt
Wed 9 19:28:48 DESKTOP-GDFFK7B php: [WARNING] Unable to initialize Volt cache dir: C:\xampp\htdocs\Area_six\app\config/../../app/cache/. Used temp path: C:\Users\Win10\AppData\Local\Temp\phalcon\volt
Wed 9 19:28:48 DESKTOP-GDFFK7B php: [WARNING] Unable to initialize Volt cache dir: C:\xampp\htdocs\Area_six\app\config/../../app/cache/. Used temp path: C:\Users\Win10\AppData\Local\Temp\phalcon\volt
Wed 9 19:28:48 DESKTOP-GDFFK7B php: [WARNING] Unable to initialize Volt cache dir: C:\xampp\htdocs\Area_six\app\config/../../app/cache/. Used temp path: C:\Users\Win10\AppData\Local\Temp\phalcon\volt
Wed 9 19:28:51 DESKTOP-GDFFK7B php: [ERROR] 1044: SQLSTATE[HY000] [1044] Access denied for user ''@'localhost' to database 'productos' in C:\xampp\phalcon-devtools-master\scripts\Phalcon\Initializable.php on line 562
Wed 9 19:49:49 DESKTOP-GDFFK7B php: [WARNING] Unable to initialize Volt cache dir: C:\xampp\htdocs\Area_six\app\config/../../app/cache/. Used temp path: C:\Users\Win10\AppData\Local\Temp\phalcon\volt
Wed 9 19:49:49 DESKTOP-GDFFK7B php: [WARNING] Unable to initialize Volt cache dir: C:\xampp\htdocs\Area_six\app\config/../../app/cache/. Used temp path: C:\Users\Win10\AppData\Local\Temp\phalcon\volt
Wed 9 19:49:49 DESKTOP-GDFFK7B php: [WARNING] Unable to initialize Volt cache dir: C:\xampp\htdocs\Area_six\app\config/../../app/cache/. Used temp path: C:\Users\Win10\AppData\Local\Temp\phalcon\volt
Wed 9 19:49:49 DESKTOP-GDFFK7B php: [WARNING] Unable to initialize Volt cache dir: C:\xampp\htdocs\Area_six\app\config/../../app/cache/. Used temp path: C:\Users\Win10\AppData\Local\Temp\phalcon\volt
Wed 9 19:49:49 DESKTOP-GDFFK7B php: [WARNING] Unable to initialize Volt cache dir: C:\xampp\htdocs\Area_six\app\config/../../app/cache/. Used temp path: C:\Users\Win10\AppData\Local\Temp\phalcon\volt
Wed 9 19:49:49 DESKTOP-GDFFK7B php: [WARNING] Unable to initialize Volt cache dir: C:\xampp\htdocs\Area_six\app\config/../../app/cache/. Used temp path: C:\Users\Win10\AppData\Local\Temp\phalcon\volt
Wed 9 19:49:49 DESKTOP-GDFFK7B php: [WARNING] Unable to initialize Volt cache dir: C:\xampp\htdocs\Area_six\app\config/../../app/cache/. Used temp path: C:\Users\Win10\AppData\Local\Temp\phalcon\volt
Wed 9 19:49:49 DESKTOP-GDFFK7B php: [WARNING] Unable to initialize Volt cache dir: C:\xampp\htdocs\Area_six\app\config/../../app/cache/. Used temp path: C:\Users\Win10\AppData\Local\Temp\phalcon\volt
Wed 9 19:49:49 DESKTOP-GDFFK7B php: [WARNING] Unable to initialize Volt cache dir: C:\xampp\htdocs\Area_six\app\config/../../app/cache/. Used temp path: C:\Users\Win10\AppData\Local\Temp\phalcon\volt
Wed 9 19:49:55 DESKTOP-GDFFK7B php: [ERROR] 1044: SQLSTATE[HY000] [1044] Access denied for user ''@'localhost' to database 'productos' in C:\xampp\phalcon-devtools-master\scripts\Phalcon\Initializable.php on line 562
Wed 9 19:50:00 DESKTOP-GDFFK7B php: [WARNING] Unable to initialize Volt cache dir: C:\xampp\htdocs\Area_six\app\config/../../app/cache/. Used temp path: C:\Users\Win10\AppData\Local\Temp\phalcon\volt
Wed 9 19:50:00 DESKTOP-GDFFK7B php: [WARNING] Unable to initialize Volt cache dir: C:\xampp\htdocs\Area_six\app\config/../../app/cache/. Used temp path: C:\Users\Win10\AppData\Local\Temp\phalcon\volt
Wed 9 19:50:00 DESKTOP-GDFFK7B php: [WARNING] Unable to initialize Volt cache dir: C:\xampp\htdocs\Area_six\app\config/../../app/cache/. Used temp path: C:\Users\Win10\AppData\Local\Temp\phalcon\volt
Wed 9 19:50:00 DESKTOP-GDFFK7B php: [WARNING] Unable to initialize Volt cache dir: C:\xampp\htdocs\Area_six\app\config/../../app/cache/. Used temp path: C:\Users\Win10\AppData\Local\Temp\phalcon\volt
Wed 9 19:50:00 DESKTOP-GDFFK7B php: [WARNING] Unable to initialize Volt cache dir: C:\xampp\htdocs\Area_six\app\config/../../app/cache/. Used temp path: C:\Users\Win10\AppData\Local\Temp\phalcon\volt
Wed 9 19:50:00 DESKTOP-GDFFK7B php: [WARNING] Unable to initialize Volt cache dir: C:\xampp\htdocs\Area_six\app\config/../../app/cache/. Used temp path: C:\Users\Win10\AppData\Local\Temp\phalcon\volt
Wed 9 19:50:00 DESKTOP-GDFFK7B php: [WARNING] Unable to initialize Volt cache dir: C:\xampp\htdocs\Area_six\app\config/../../app/cache/. Used temp path: C:\Users\Win10\AppData\Local\Temp\phalcon\volt
Wed 9 19:50:00 DESKTOP-GDFFK7B php: [WARNING] Unable to initialize Volt cache dir: C:\xampp\htdocs\Area_six\app\config/../../app/cache/. Used temp path: C:\Users\Win10\AppData\Local\Temp\phalcon\volt
Wed 9 19:50:00 DESKTOP-GDFFK7B php: [WARNING] Unable to initialize Volt cache dir: C:\xampp\htdocs\Area_six\app\config/../../app/cache/. Used temp path: C:\Users\Win10\AppData\Local\Temp\phalcon\volt
Wed 9 19:50:02 DESKTOP-GDFFK7B php: [ERROR] 1044: SQLSTATE[HY000] [1044] Access denied for user ''@'localhost' to database 'productos' in C:\xampp\phalcon-devtools-master\scripts\Phalcon\Initializable.php on line 562
Wed 9 19:50:20 DESKTOP-GDFFK7B php: [WARNING] Unable to initialize Volt cache dir: C:\xampp\htdocs\Area_six\app\config/../../app/cache/. Used temp path: C:\Users\Win10\AppData\Local\Temp\phalcon\volt
Wed 9 19:50:20 DESKTOP-GDFFK7B php: [WARNING] Unable to initialize Volt cache dir: C:\xampp\htdocs\Area_six\app\config/../../app/cache/. Used temp path: C:\Users\Win10\AppData\Local\Temp\phalcon\volt
Wed 9 19:50:20 DESKTOP-GDFFK7B php: [WARNING] Unable to initialize Volt cache dir: C:\xampp\htdocs\Area_six\app\config/../../app/cache/. Used temp path: C:\Users\Win10\AppData\Local\Temp\phalcon\volt
Wed 9 19:50:20 DESKTOP-GDFFK7B php: [WARNING] Unable to initialize Volt cache dir: C:\xampp\htdocs\Area_six\app\config/../../app/cache/. Used temp path: C:\Users\Win10\AppData\Local\Temp\phalcon\volt
Wed 9 19:50:20 DESKTOP-GDFFK7B php: [WARNING] Unable to initialize Volt cache dir: C:\xampp\htdocs\Area_six\app\config/../../app/cache/. Used temp path: C:\Users\Win10\AppData\Local\Temp\phalcon\volt
Wed 9 19:50:20 DESKTOP-GDFFK7B php: [WARNING] Unable to initialize Volt cache dir: C:\xampp\htdocs\Area_six\app\config/../../app/cache/. Used temp path: C:\Users\Win10\AppData\Local\Temp\phalcon\volt
Wed 9 19:50:20 DESKTOP-GDFFK7B php: [WARNING] Unable to initialize Volt cache dir: C:\xampp\htdocs\Area_six\app\config/../../app/cache/. Used temp path: C:\Users\Win10\AppData\Local\Temp\phalcon\volt
Wed 9 19:50:20 DESKTOP-GDFFK7B php: [WARNING] Unable to initialize Volt cache dir: C:\xampp\htdocs\Area_six\app\config/../../app/cache/. Used temp path: C:\Users\Win10\AppData\Local\Temp\phalcon\volt
Wed 9 19:50:20 DESKTOP-GDFFK7B php: [WARNING] Unable to initialize Volt cache dir: C:\xampp\htdocs\Area_six\app\config/../../app/cache/. Used temp path: C:\Users\Win10\AppData\Local\Temp\phalcon\volt
Wed 9 19:50:22 DESKTOP-GDFFK7B php: [ERROR] 1044: SQLSTATE[HY000] [1044] Access denied for user ''@'localhost' to database 'productos' in C:\xampp\phalcon-devtools-master\scripts\Phalcon\Initializable.php on line 562
Wed 9 19:51:04 DESKTOP-GDFFK7B php: [WARNING] Unable to initialize Volt cache dir: C:\xampp\htdocs\Area_six\app\config/cache/. Used temp path: C:\Users\Win10\AppData\Local\Temp\phalcon\volt
Wed 9 19:51:04 DESKTOP-GDFFK7B php: [WARNING] Unable to initialize Volt cache dir: C:\xampp\htdocs\Area_six\app\config/cache/. Used temp path: C:\Users\Win10\AppData\Local\Temp\phalcon\volt
Wed 9 19:51:04 DESKTOP-GDFFK7B php: [WARNING] Unable to initialize Volt cache dir: C:\xampp\htdocs\Area_six\app\config/cache/. Used temp path: C:\Users\Win10\AppData\Local\Temp\phalcon\volt
Wed 9 19:51:04 DESKTOP-GDFFK7B php: [WARNING] Unable to initialize Volt cache dir: C:\xampp\htdocs\Area_six\app\config/cache/. Used temp path: C:\Users\Win10\AppData\Local\Temp\phalcon\volt
Wed 9 19:51:04 DESKTOP-GDFFK7B php: [WARNING] Unable to initialize Volt cache dir: C:\xampp\htdocs\Area_six\app\config/cache/. Used temp path: C:\Users\Win10\AppData\Local\Temp\phalcon\volt
Wed 9 19:51:04 DESKTOP-GDFFK7B php: [WARNING] Unable to initialize Volt cache dir: C:\xampp\htdocs\Area_six\app\config/cache/. Used temp path: C:\Users\Win10\AppData\Local\Temp\phalcon\volt
Wed 9 19:51:04 DESKTOP-GDFFK7B php: [WARNING] Unable to initialize Volt cache dir: C:\xampp\htdocs\Area_six\app\config/cache/. Used temp path: C:\Users\Win10\AppData\Local\Temp\phalcon\volt
Wed 9 19:51:04 DESKTOP-GDFFK7B php: [WARNING] Unable to initialize Volt cache dir: C:\xampp\htdocs\Area_six\app\config/cache/. Used temp path: C:\Users\Win10\AppData\Local\Temp\phalcon\volt
Wed 9 19:51:04 DESKTOP-GDFFK7B php: [WARNING] Unable to initialize Volt cache dir: C:\xampp\htdocs\Area_six\app\config/cache/. Used temp path: C:\Users\Win10\AppData\Local\Temp\phalcon\volt
Wed 9 19:51:09 DESKTOP-GDFFK7B php: [WARNING] Unable to initialize Volt cache dir: C:\xampp\htdocs\Area_six\app\config/cache/. Used temp path: C:\Users\Win10\AppData\Local\Temp\phalcon\volt
Wed 9 19:51:09 DESKTOP-GDFFK7B php: [WARNING] Unable to initialize Volt cache dir: C:\xampp\htdocs\Area_six\app\config/cache/. Used temp path: C:\Users\Win10\AppData\Local\Temp\phalcon\volt
Wed 9 19:51:09 DESKTOP-GDFFK7B php: [WARNING] Unable to initialize Volt cache dir: C:\xampp\htdocs\Area_six\app\config/cache/. Used temp path: C:\Users\Win10\AppData\Local\Temp\phalcon\volt
Wed 9 19:51:09 DESKTOP-GDFFK7B php: [WARNING] Unable to initialize Volt cache dir: C:\xampp\htdocs\Area_six\app\config/cache/. Used temp path: C:\Users\Win10\AppData\Local\Temp\phalcon\volt
Wed 9 19:51:09 DESKTOP-GDFFK7B php: [WARNING] Unable to initialize Volt cache dir: C:\xampp\htdocs\Area_six\app\config/cache/. Used temp path: C:\Users\Win10\AppData\Local\Temp\phalcon\volt
Wed 9 19:51:09 DESKTOP-GDFFK7B php: [WARNING] Unable to initialize Volt cache dir: C:\xampp\htdocs\Area_six\app\config/cache/. Used temp path: C:\Users\Win10\AppData\Local\Temp\phalcon\volt
Wed 9 19:51:09 DESKTOP-GDFFK7B php: [WARNING] Unable to initialize Volt cache dir: C:\xampp\htdocs\Area_six\app\config/cache/. Used temp path: C:\Users\Win10\AppData\Local\Temp\phalcon\volt
Wed 9 19:51:09 DESKTOP-GDFFK7B php: [WARNING] Unable to initialize Volt cache dir: C:\xampp\htdocs\Area_six\app\config/cache/. Used temp path: C:\Users\Win10\AppData\Local\Temp\phalcon\volt
Wed 9 19:51:09 DESKTOP-GDFFK7B php: [WARNING] Unable to initialize Volt cache dir: C:\xampp\htdocs\Area_six\app\config/cache/. Used temp path: C:\Users\Win10\AppData\Local\Temp\phalcon\volt
Wed 9 19:51:09 DESKTOP-GDFFK7B php: [WARNING] Unable to initialize Volt cache dir: C:\xampp\htdocs\Area_six\app\config/cache/. Used temp path: C:\Users\Win10\AppData\Local\Temp\phalcon\volt
Thu 10 17:15:02 DESKTOP-GDFFK7B php: [ERROR] Uncaught exception: Call to a member function path() on null in C:\xampp\phalcon-devtools-master\scripts\Phalcon\Builder\Scaffold.php on line 91
Thu 10 17:15:55 DESKTOP-GDFFK7B php: [ERROR] Uncaught exception: Call to a member function path() on null in C:\xampp\phalcon-devtools-master\scripts\Phalcon\Builder\Scaffold.php on line 91
Thu 10 19:01:52 DESKTOP-GDFFK7B php: [ERROR] Uncaught exception: Call to a member function path() on null in C:\xampp\phalcon-devtools-master\scripts\Phalcon\Builder\Scaffold.php on line 91
Thu 10 19:21:08 DESKTOP-GDFFK7B php: [ERROR] Uncaught exception: Call to a member function path() on null in C:\xampp\phalcon-devtools-master\scripts\Phalcon\Builder\Scaffold.php on line 91
Fri 11 06:15:36 DESKTOP-GDFFK7B php: [ERROR] Uncaught exception: Call to a member function path() on null in C:\xampp\phalcon-devtools-master\scripts\Phalcon\Builder\Scaffold.php on line 91
